INFO : org.advanceit.calcv2.template.Application - Application
INFO : org.advanceit.calcv2.template.Application - Starting Application on P-1-03-W7 with PID 7720 (C:\Users\lthanhngo\Documents\GitHub\calcV2_dev\target\classes started by lthanhngo in C:\Users\lthanhngo\Documents\GitHub\calcV2_dev)
INFO : org.springframework.beans.factory.annotation.AutowiredAnnotationBeanPostProcessor - JSR-330 'javax.inject.Inject' annotation found and supported for autowiring
INFO : org.springframework.web.context.ContextLoader - Root WebApplicationContext: initialization completed in 893 ms
INFO : org.springframework.web.servlet.mvc.method.annotation.RequestMappingHandlerMapping - Mapped "{[/],methods=[],params=[],headers=[],consumes=[],produces=[],custom=[]}" onto public org.springframework.web.servlet.ModelAndView org.advanceit.calcv2.template.common.controller.HelloController.index()
INFO : org.springframework.web.servlet.mvc.method.annotation.RequestMappingHandlerMapping - Mapped "{[/HelloWorld],methods=[],params=[],headers=[],consumes=[],produces=[],custom=[]}" onto public java.lang.String org.advanceit.calcv2.template.common.controller.HelloController.getLapster()
INFO : org.springframework.web.servlet.mvc.method.annotation.RequestMappingHandlerMapping - Mapped "{[/quotes],methods=[],params=[],headers=[],consumes=[],produces=[],custom=[]}" onto public org.advanceit.calcv2.template.quote.model.Quotes org.advanceit.calcv2.template.quote.controller.QuoteController.getQuotes()
INFO : org.springframework.web.servlet.mvc.method.annotation.RequestMappingHandlerMapping - Mapped "{[/quote/{id}],methods=[GET],params=[],headers=[],consumes=[],produces=[],custom=[]}" onto public org.advanceit.calcv2.template.quote.model.Quote org.advanceit.calcv2.template.quote.controller.QuoteController.getQuote(java.lang.String)
INFO : org.springframework.web.servlet.mvc.method.annotation.RequestMappingHandlerMapping - Mapped "{[/calc],methods=[],params=[],headers=[],consumes=[],produces=[],custom=[]}" onto public org.advanceit.calcv2.template.quote.model.Quote org.advanceit.calcv2.template.service.CalcV2.getLapster(double)
INFO : org.springframework.web.servlet.mvc.method.annotation.RequestMappingHandlerMapping - Mapped "{[/error],methods=[],params=[],headers=[],consumes=[],produces=[],custom=[]}" onto public org.springframework.http.ResponseEntity<java.util.Map<java.lang.String, java.lang.Object>> org.springframework.boot.autoconfigure.web.BasicErrorController.error(javax.servlet.http.HttpServletRequest)
INFO : org.springframework.web.servlet.mvc.method.annotation.RequestMappingHandlerMapping - Mapped "{[/error],methods=[],params=[],headers=[],consumes=[],produces=[text/html],custom=[]}" onto public org.springframework.web.servlet.ModelAndView org.springframework.boot.autoconfigure.web.BasicErrorController.errorHtml(javax.servlet.http.HttpServletRequest)
INFO : org.springframework.web.servlet.mvc.method.annotation.ExceptionHandlerExceptionResolver - Detected @ExceptionHandler methods in quoteExceptionHandler
INFO : org.advanceit.calcv2.template.Application - Started Application in 1.796 seconds (JVM running for 2.204)
INFO : org.springframework.web.servlet.DispatcherServlet - FrameworkServlet 'dispatcherServlet': initialization started
INFO : org.springframework.web.servlet.DispatcherServlet - FrameworkServlet 'dispatcherServlet': initialization completed in 17 ms
INFO : org.advanceit.calcv2.template.quote.bo.QuoteCalculator - QuoteCalculator
INFO main org.advanceit.calcv2.template.Application - Application
INFO main org.advanceit.calcv2.template.Application - Starting Application on P-1-03-W7 with PID 17008 (C:\Users\lthanhngo\Documents\GitHub\calcV2_dev\target\classes started by lthanhngo in C:\Users\lthanhngo\Documents\GitHub\calcV2_dev)
INFO main org.springframework.beans.factory.annotation.AutowiredAnnotationBeanPostProcessor - JSR-330 'javax.inject.Inject' annotation found and supported for autowiring
INFO localhost-startStop-1 org.springframework.web.context.ContextLoader - Root WebApplicationContext: initialization completed in 825 ms
INFO main org.springframework.web.servlet.mvc.method.annotation.RequestMappingHandlerMapping - Mapped "{[/],methods=[],params=[],headers=[],consumes=[],produces=[],custom=[]}" onto public org.springframework.web.servlet.ModelAndView org.advanceit.calcv2.template.common.controller.HelloController.index()
INFO main org.springframework.web.servlet.mvc.method.annotation.RequestMappingHandlerMapping - Mapped "{[/HelloWorld],methods=[],params=[],headers=[],consumes=[],produces=[],custom=[]}" onto public java.lang.String org.advanceit.calcv2.template.common.controller.HelloController.getLapster()
INFO main org.springframework.web.servlet.mvc.method.annotation.RequestMappingHandlerMapping - Mapped "{[/quotes],methods=[],params=[],headers=[],consumes=[],produces=[],custom=[]}" onto public org.advanceit.calcv2.template.quote.model.Quotes org.advanceit.calcv2.template.quote.controller.QuoteController.getQuotes()
INFO main org.springframework.web.servlet.mvc.method.annotation.RequestMappingHandlerMapping - Mapped "{[/quote/{id}],methods=[GET],params=[],headers=[],consumes=[],produces=[],custom=[]}" onto public org.advanceit.calcv2.template.quote.model.Quote org.advanceit.calcv2.template.quote.controller.QuoteController.getQuote(java.lang.String)
INFO main org.springframework.web.servlet.mvc.method.annotation.RequestMappingHandlerMapping - Mapped "{[/calc],methods=[],params=[],headers=[],consumes=[],produces=[],custom=[]}" onto public org.advanceit.calcv2.template.quote.model.Quote org.advanceit.calcv2.template.service.CalcV2.getLapster(double)
INFO main org.springframework.web.servlet.mvc.method.annotation.RequestMappingHandlerMapping - Mapped "{[/error],methods=[],params=[],headers=[],consumes=[],produces=[],custom=[]}" onto public org.springframework.http.ResponseEntity<java.util.Map<java.lang.String, java.lang.Object>> org.springframework.boot.autoconfigure.web.BasicErrorController.error(javax.servlet.http.HttpServletRequest)
INFO main org.springframework.web.servlet.mvc.method.annotation.RequestMappingHandlerMapping - Mapped "{[/error],methods=[],params=[],headers=[],consumes=[],produces=[text/html],custom=[]}" onto public org.springframework.web.servlet.ModelAndView org.springframework.boot.autoconfigure.web.BasicErrorController.errorHtml(javax.servlet.http.HttpServletRequest)
INFO main org.springframework.web.servlet.mvc.method.annotation.ExceptionHandlerExceptionResolver - Detected @ExceptionHandler methods in quoteExceptionHandler
INFO main org.advanceit.calcv2.template.Application - Started Application in 1.789 seconds (JVM running for 2.171)
INFO http-nio-8080-exec-1 org.springframework.web.servlet.DispatcherServlet - FrameworkServlet 'dispatcherServlet': initialization started
INFO http-nio-8080-exec-1 org.springframework.web.servlet.DispatcherServlet - FrameworkServlet 'dispatcherServlet': initialization completed in 125 ms
INFO http-nio-8080-exec-1 org.advanceit.calcv2.template.quote.bo.QuoteCalculator - QuoteCalculator
2014-08-21 10:40:03 INFO main org.advanceit.calcv2.template.Application - Application
2014-08-21 10:40:03 INFO main org.advanceit.calcv2.template.Application - Starting Application on P-1-03-W7 with PID 17460 (C:\Users\lthanhngo\Documents\GitHub\calcV2_dev\target\classes started by lthanhngo in C:\Users\lthanhngo\Documents\GitHub\calcV2_dev)
2014-08-21 10:40:03 INFO main org.springframework.beans.factory.annotation.AutowiredAnnotationBeanPostProcessor - JSR-330 'javax.inject.Inject' annotation found and supported for autowiring
2014-08-21 10:40:04 INFO localhost-startStop-1 org.springframework.web.context.ContextLoader - Root WebApplicationContext: initialization completed in 915 ms
2014-08-21 10:40:04 INFO main org.springframework.web.servlet.mvc.method.annotation.RequestMappingHandlerMapping - Mapped "{[/],methods=[],params=[],headers=[],consumes=[],produces=[],custom=[]}" onto public org.springframework.web.servlet.ModelAndView org.advanceit.calcv2.template.common.controller.HelloController.index()
2014-08-21 10:40:04 INFO main org.springframework.web.servlet.mvc.method.annotation.RequestMappingHandlerMapping - Mapped "{[/HelloWorld],methods=[],params=[],headers=[],consumes=[],produces=[],custom=[]}" onto public java.lang.String org.advanceit.calcv2.template.common.controller.HelloController.getLapster()
2014-08-21 10:40:04 INFO main org.springframework.web.servlet.mvc.method.annotation.RequestMappingHandlerMapping - Mapped "{[/quotes],methods=[],params=[],headers=[],consumes=[],produces=[],custom=[]}" onto public org.advanceit.calcv2.template.quote.model.Quotes org.advanceit.calcv2.template.quote.controller.QuoteController.getQuotes()
2014-08-21 10:40:04 INFO main org.springframework.web.servlet.mvc.method.annotation.RequestMappingHandlerMapping - Mapped "{[/quote/{id}],methods=[GET],params=[],headers=[],consumes=[],produces=[],custom=[]}" onto public org.advanceit.calcv2.template.quote.model.Quote org.advanceit.calcv2.template.quote.controller.QuoteController.getQuote(java.lang.String)
2014-08-21 10:40:04 INFO main org.springframework.web.servlet.mvc.method.annotation.RequestMappingHandlerMapping - Mapped "{[/calc],methods=[],params=[],headers=[],consumes=[],produces=[],custom=[]}" onto public org.advanceit.calcv2.template.quote.model.Quote org.advanceit.calcv2.template.service.CalcV2.getLapster(double)
2014-08-21 10:40:04 INFO main org.springframework.web.servlet.mvc.method.annotation.RequestMappingHandlerMapping - Mapped "{[/error],methods=[],params=[],headers=[],consumes=[],produces=[],custom=[]}" onto public org.springframework.http.ResponseEntity<java.util.Map<java.lang.String, java.lang.Object>> org.springframework.boot.autoconfigure.web.BasicErrorController.error(javax.servlet.http.HttpServletRequest)
2014-08-21 10:40:04 INFO main org.springframework.web.servlet.mvc.method.annotation.RequestMappingHandlerMapping - Mapped "{[/error],methods=[],params=[],headers=[],consumes=[],produces=[text/html],custom=[]}" onto public org.springframework.web.servlet.ModelAndView org.springframework.boot.autoconfigure.web.BasicErrorController.errorHtml(javax.servlet.http.HttpServletRequest)
2014-08-21 10:40:05 INFO main org.springframework.web.servlet.mvc.method.annotation.ExceptionHandlerExceptionResolver - Detected @ExceptionHandler methods in quoteExceptionHandler
2014-08-21 10:40:05 INFO main org.advanceit.calcv2.template.Application - Started Application in 1.83 seconds (JVM running for 2.24)
2014-08-21 10:40:07 INFO http-nio-8080-exec-1 org.springframework.web.servlet.DispatcherServlet - FrameworkServlet 'dispatcherServlet': initialization started
2014-08-21 10:40:07 INFO http-nio-8080-exec-1 org.springframework.web.servlet.DispatcherServlet - FrameworkServlet 'dispatcherServlet': initialization completed in 15 ms
2014-08-21 10:40:07 INFO http-nio-8080-exec-1 org.advanceit.calcv2.template.quote.bo.QuoteCalculator - QuoteCalculator
2014-08-21 11:18:44 INFO main org.advanceit.calcv2.template.Application - Application
2014-08-21 11:18:44 INFO main org.advanceit.calcv2.template.Application - Starting Application on P-1-03-W7 with PID 11804 (C:\Users\lthanhngo\Documents\GitHub\calcV2_dev\target\classes started by lthanhngo in C:\Users\lthanhngo\Documents\GitHub\calcV2_dev)
2014-08-21 11:18:44 INFO main org.springframework.beans.factory.annotation.AutowiredAnnotationBeanPostProcessor - JSR-330 'javax.inject.Inject' annotation found and supported for autowiring
2014-08-21 11:18:45 INFO localhost-startStop-1 org.springframework.web.context.ContextLoader - Root WebApplicationContext: initialization completed in 875 ms
2014-08-21 11:18:45 INFO main org.springframework.web.servlet.mvc.method.annotation.RequestMappingHandlerMapping - Mapped "{[/],methods=[],params=[],headers=[],consumes=[],produces=[],custom=[]}" onto public org.springframework.web.servlet.ModelAndView org.advanceit.calcv2.template.common.controller.HelloController.index()
2014-08-21 11:18:45 INFO main org.springframework.web.servlet.mvc.method.annotation.RequestMappingHandlerMapping - Mapped "{[/HelloWorld],methods=[],params=[],headers=[],consumes=[],produces=[],custom=[]}" onto public java.lang.String org.advanceit.calcv2.template.common.controller.HelloController.getLapster()
2014-08-21 11:18:45 INFO main org.springframework.web.servlet.mvc.method.annotation.RequestMappingHandlerMapping - Mapped "{[/quotes],methods=[],params=[],headers=[],consumes=[],produces=[],custom=[]}" onto public org.advanceit.calcv2.template.quote.model.Quotes org.advanceit.calcv2.template.quote.controller.QuoteController.getQuotes()
2014-08-21 11:18:45 INFO main org.springframework.web.servlet.mvc.method.annotation.RequestMappingHandlerMapping - Mapped "{[/quote/{id}],methods=[GET],params=[],headers=[],consumes=[],produces=[],custom=[]}" onto public org.advanceit.calcv2.template.quote.model.Quote org.advanceit.calcv2.template.quote.controller.QuoteController.getQuote(java.lang.String)
2014-08-21 11:18:45 INFO main org.springframework.web.servlet.mvc.method.annotation.RequestMappingHandlerMapping - Mapped "{[/calc],methods=[],params=[],headers=[],consumes=[],produces=[],custom=[]}" onto public org.advanceit.calcv2.template.quote.model.Quote org.advanceit.calcv2.template.service.CalcV2.getLapster(double)
2014-08-21 11:18:45 INFO main org.springframework.web.servlet.mvc.method.annotation.RequestMappingHandlerMapping - Mapped "{[/error],methods=[],params=[],headers=[],consumes=[],produces=[],custom=[]}" onto public org.springframework.http.ResponseEntity<java.util.Map<java.lang.String, java.lang.Object>> org.springframework.boot.autoconfigure.web.BasicErrorController.error(javax.servlet.http.HttpServletRequest)
2014-08-21 11:18:45 INFO main org.springframework.web.servlet.mvc.method.annotation.RequestMappingHandlerMapping - Mapped "{[/error],methods=[],params=[],headers=[],consumes=[],produces=[text/html],custom=[]}" onto public org.springframework.web.servlet.ModelAndView org.springframework.boot.autoconfigure.web.BasicErrorController.errorHtml(javax.servlet.http.HttpServletRequest)
2014-08-21 11:18:45 INFO main org.springframework.web.servlet.mvc.method.annotation.ExceptionHandlerExceptionResolver - Detected @ExceptionHandler methods in quoteExceptionHandler
2014-08-21 11:18:45 INFO main org.advanceit.calcv2.template.Application - Started Application in 1.834 seconds (JVM running for 2.42)
2014-08-21 11:22:08 INFO http-nio-8080-exec-1 org.springframework.web.servlet.DispatcherServlet - FrameworkServlet 'dispatcherServlet': initialization started
2014-08-21 11:22:08 INFO http-nio-8080-exec-1 org.springframework.web.servlet.DispatcherServlet - FrameworkServlet 'dispatcherServlet': initialization completed in 17 ms
2014-08-21 11:22:08 INFO http-nio-8080-exec-1 org.advanceit.calcv2.template.quote.bo.QuoteCalculator - calcv2
2014-08-21 11:22:08 INFO http-nio-8080-exec-1 org.advanceit.calcv2.template.quote.bo.QuoteCalculator - QuoteCalculator
2014-08-21 11:27:32 INFO main org.advanceit.calcv2.template.Application - Application
2014-08-21 11:27:32 INFO main org.advanceit.calcv2.template.Application - Starting Application on P-1-03-W7 with PID 12168 (C:\Users\lthanhngo\Documents\GitHub\calcV2_dev\target\classes started by lthanhngo in C:\Users\lthanhngo\Documents\GitHub\calcV2_dev)
2014-08-21 11:27:33 INFO main org.springframework.beans.factory.annotation.AutowiredAnnotationBeanPostProcessor - JSR-330 'javax.inject.Inject' annotation found and supported for autowiring
2014-08-21 11:27:33 INFO localhost-startStop-1 org.springframework.web.context.ContextLoader - Root WebApplicationContext: initialization completed in 857 ms
2014-08-21 11:27:34 INFO main org.springframework.web.servlet.mvc.method.annotation.RequestMappingHandlerMapping - Mapped "{[/],methods=[],params=[],headers=[],consumes=[],produces=[],custom=[]}" onto public org.springframework.web.servlet.ModelAndView org.advanceit.calcv2.template.common.controller.HelloController.index()
2014-08-21 11:27:34 INFO main org.springframework.web.servlet.mvc.method.annotation.RequestMappingHandlerMapping - Mapped "{[/HelloWorld],methods=[],params=[],headers=[],consumes=[],produces=[],custom=[]}" onto public java.lang.String org.advanceit.calcv2.template.common.controller.HelloController.getLapster()
2014-08-21 11:27:34 INFO main org.springframework.web.servlet.mvc.method.annotation.RequestMappingHandlerMapping - Mapped "{[/quotes],methods=[],params=[],headers=[],consumes=[],produces=[],custom=[]}" onto public org.advanceit.calcv2.template.quote.model.Quotes org.advanceit.calcv2.template.quote.controller.QuoteController.getQuotes()
2014-08-21 11:27:34 INFO main org.springframework.web.servlet.mvc.method.annotation.RequestMappingHandlerMapping - Mapped "{[/quote/{id}],methods=[GET],params=[],headers=[],consumes=[],produces=[],custom=[]}" onto public org.advanceit.calcv2.template.quote.model.Quote org.advanceit.calcv2.template.quote.controller.QuoteController.getQuote(java.lang.String)
2014-08-21 11:27:34 INFO main org.springframework.web.servlet.mvc.method.annotation.RequestMappingHandlerMapping - Mapped "{[/calc],methods=[],params=[],headers=[],consumes=[],produces=[],custom=[]}" onto public org.advanceit.calcv2.template.quote.model.Quote org.advanceit.calcv2.template.service.CalcV2.getLapster(double)
2014-08-21 11:27:34 INFO main org.springframework.web.servlet.mvc.method.annotation.RequestMappingHandlerMapping - Mapped "{[/error],methods=[],params=[],headers=[],consumes=[],produces=[],custom=[]}" onto public org.springframework.http.ResponseEntity<java.util.Map<java.lang.String, java.lang.Object>> org.springframework.boot.autoconfigure.web.BasicErrorController.error(javax.servlet.http.HttpServletRequest)
2014-08-21 11:27:34 INFO main org.springframework.web.servlet.mvc.method.annotation.RequestMappingHandlerMapping - Mapped "{[/error],methods=[],params=[],headers=[],consumes=[],produces=[text/html],custom=[]}" onto public org.springframework.web.servlet.ModelAndView org.springframework.boot.autoconfigure.web.BasicErrorController.errorHtml(javax.servlet.http.HttpServletRequest)
2014-08-21 11:27:34 INFO main org.springframework.web.servlet.mvc.method.annotation.ExceptionHandlerExceptionResolver - Detected @ExceptionHandler methods in quoteExceptionHandler
2014-08-21 11:27:34 INFO main org.advanceit.calcv2.template.Application - Started Application in 1.794 seconds (JVM running for 2.191)
2014-08-21 11:29:29 INFO http-nio-8080-exec-1 org.springframework.web.servlet.DispatcherServlet - FrameworkServlet 'dispatcherServlet': initialization started
2014-08-21 11:29:29 INFO http-nio-8080-exec-1 org.springframework.web.servlet.DispatcherServlet - FrameworkServlet 'dispatcherServlet': initialization completed in 16 ms
2014-08-21 11:29:29 INFO http-nio-8080-exec-1 org.advanceit.calcv2.template.Application - calcv2 from Application
2014-08-21 11:29:29 INFO http-nio-8080-exec-1 org.advanceit.calcv2.template.quote.bo.QuoteCalculator - QuoteCalculator
2014-08-26 09:33:07 INFO main org.advanceit.calcv2.template.Application - Application
2014-08-26 09:33:07 INFO main org.advanceit.calcv2.template.Application - Starting Application on P-1-03-W7 with PID 16156 (C:\Users\lthanhngo\Documents\GitHub\calcV2_dev\target\classes started by lthanhngo in C:\Users\lthanhngo\Documents\GitHub\calcV2_dev)
2014-08-26 09:33:08 INFO main org.springframework.beans.factory.annotation.AutowiredAnnotationBeanPostProcessor - JSR-330 'javax.inject.Inject' annotation found and supported for autowiring
2014-08-26 09:33:08 INFO localhost-startStop-1 org.springframework.web.context.ContextLoader - Root WebApplicationContext: initialization completed in 1000 ms
2014-08-26 09:33:09 INFO main org.springframework.web.servlet.mvc.method.annotation.RequestMappingHandlerMapping - Mapped "{[/],methods=[],params=[],headers=[],consumes=[],produces=[],custom=[]}" onto public org.springframework.web.servlet.ModelAndView org.advanceit.calcv2.template.common.controller.HelloController.index()
2014-08-26 09:33:09 INFO main org.springframework.web.servlet.mvc.method.annotation.RequestMappingHandlerMapping - Mapped "{[/HelloWorld],methods=[],params=[],headers=[],consumes=[],produces=[],custom=[]}" onto public java.lang.String org.advanceit.calcv2.template.common.controller.HelloController.getLapster()
2014-08-26 09:33:09 INFO main org.springframework.web.servlet.mvc.method.annotation.RequestMappingHandlerMapping - Mapped "{[/quotes],methods=[],params=[],headers=[],consumes=[],produces=[],custom=[]}" onto public org.advanceit.calcv2.template.quote.model.Quotes org.advanceit.calcv2.template.quote.controller.QuoteController.getQuotes()
2014-08-26 09:33:09 INFO main org.springframework.web.servlet.mvc.method.annotation.RequestMappingHandlerMapping - Mapped "{[/quote/{id}],methods=[GET],params=[],headers=[],consumes=[],produces=[],custom=[]}" onto public org.advanceit.calcv2.template.quote.model.Quote org.advanceit.calcv2.template.quote.controller.QuoteController.getQuote(java.lang.String)
2014-08-26 09:33:09 INFO main org.springframework.web.servlet.mvc.method.annotation.RequestMappingHandlerMapping - Mapped "{[/calc],methods=[],params=[],headers=[],consumes=[],produces=[],custom=[]}" onto public org.advanceit.calcv2.template.quote.model.Quote org.advanceit.calcv2.template.service.CalcV2.getLapster(double)
2014-08-26 09:33:09 INFO main org.springframework.web.servlet.mvc.method.annotation.RequestMappingHandlerMapping - Mapped "{[/error],methods=[],params=[],headers=[],consumes=[],produces=[],custom=[]}" onto public org.springframework.http.ResponseEntity<java.util.Map<java.lang.String, java.lang.Object>> org.springframework.boot.autoconfigure.web.BasicErrorController.error(javax.servlet.http.HttpServletRequest)
2014-08-26 09:33:09 INFO main org.springframework.web.servlet.mvc.method.annotation.RequestMappingHandlerMapping - Mapped "{[/error],methods=[],params=[],headers=[],consumes=[],produces=[text/html],custom=[]}" onto public org.springframework.web.servlet.ModelAndView org.springframework.boot.autoconfigure.web.BasicErrorController.errorHtml(javax.servlet.http.HttpServletRequest)
2014-08-26 09:33:09 INFO main org.springframework.web.servlet.mvc.method.annotation.ExceptionHandlerExceptionResolver - Detected @ExceptionHandler methods in quoteExceptionHandler
2014-08-26 09:33:09 INFO main org.advanceit.calcv2.template.Application - Started Application in 2.093 seconds (JVM running for 2.571)
2014-08-26 09:33:49 INFO main org.advanceit.calcv2.template.Application - Application
2014-08-26 09:33:49 INFO main org.advanceit.calcv2.template.Application - Starting Application on P-1-03-W7 with PID 4844 (C:\Users\lthanhngo\Documents\GitHub\calcV2_dev\target\classes started by lthanhngo in C:\Users\lthanhngo\Documents\GitHub\calcV2_dev)
2014-08-26 09:33:49 INFO main org.springframework.beans.factory.annotation.AutowiredAnnotationBeanPostProcessor - JSR-330 'javax.inject.Inject' annotation found and supported for autowiring
2014-08-26 09:33:50 INFO localhost-startStop-1 org.springframework.web.context.ContextLoader - Root WebApplicationContext: initialization completed in 858 ms
2014-08-26 09:33:50 INFO main org.springframework.web.servlet.mvc.method.annotation.RequestMappingHandlerMapping - Mapped "{[/],methods=[],params=[],headers=[],consumes=[],produces=[],custom=[]}" onto public org.springframework.web.servlet.ModelAndView org.advanceit.calcv2.template.common.controller.HelloController.index()
2014-08-26 09:33:50 INFO main org.springframework.web.servlet.mvc.method.annotation.RequestMappingHandlerMapping - Mapped "{[/HelloWorld],methods=[],params=[],headers=[],consumes=[],produces=[],custom=[]}" onto public java.lang.String org.advanceit.calcv2.template.common.controller.HelloController.getLapster()
2014-08-26 09:33:50 INFO main org.springframework.web.servlet.mvc.method.annotation.RequestMappingHandlerMapping - Mapped "{[/quotes],methods=[],params=[],headers=[],consumes=[],produces=[],custom=[]}" onto public org.advanceit.calcv2.template.quote.model.Quotes org.advanceit.calcv2.template.quote.controller.QuoteController.getQuotes()
2014-08-26 09:33:50 INFO main org.springframework.web.servlet.mvc.method.annotation.RequestMappingHandlerMapping - Mapped "{[/quote/{id}],methods=[GET],params=[],headers=[],consumes=[],produces=[],custom=[]}" onto public org.advanceit.calcv2.template.quote.model.Quote org.advanceit.calcv2.template.quote.controller.QuoteController.getQuote(java.lang.String)
2014-08-26 09:33:50 INFO main org.springframework.web.servlet.mvc.method.annotation.RequestMappingHandlerMapping - Mapped "{[/calc],methods=[],params=[],headers=[],consumes=[],produces=[],custom=[]}" onto public org.advanceit.calcv2.template.quote.model.Quote org.advanceit.calcv2.template.service.CalcV2.getLapster(double)
2014-08-26 09:33:50 INFO main org.springframework.web.servlet.mvc.method.annotation.RequestMappingHandlerMapping - Mapped "{[/error],methods=[],params=[],headers=[],consumes=[],produces=[],custom=[]}" onto public org.springframework.http.ResponseEntity<java.util.Map<java.lang.String, java.lang.Object>> org.springframework.boot.autoconfigure.web.BasicErrorController.error(javax.servlet.http.HttpServletRequest)
2014-08-26 09:33:50 INFO main org.springframework.web.servlet.mvc.method.annotation.RequestMappingHandlerMapping - Mapped "{[/error],methods=[],params=[],headers=[],consumes=[],produces=[text/html],custom=[]}" onto public org.springframework.web.servlet.ModelAndView org.springframework.boot.autoconfigure.web.BasicErrorController.errorHtml(javax.servlet.http.HttpServletRequest)
2014-08-26 09:33:50 INFO main org.springframework.web.servlet.mvc.method.annotation.ExceptionHandlerExceptionResolver - Detected @ExceptionHandler methods in quoteExceptionHandler
2014-08-26 09:33:50 INFO main org.advanceit.calcv2.template.Application - Started Application in 1.762 seconds (JVM running for 2.157)
